0 info it worked if it ends with ok
1 verbose cli [ 'C:\\Program Files\\nodejs\\node.exe',
1 verbose cli   'C:\\Users\\mwolters\\AppData\\Roaming\\npm\\node_modules\\npm\\bin\\npm-cli.js',
1 verbose cli   'run',
1 verbose cli   'deploy' ]
2 info using npm@4.0.2
3 info using node@v6.9.1
4 verbose run-script [ 'predeploy', 'deploy', 'postdeploy' ]
5 info lifecycle react-fotos@0.1.0~predeploy: react-fotos@0.1.0
6 silly lifecycle react-fotos@0.1.0~predeploy: no script for predeploy, continuing
7 info lifecycle react-fotos@0.1.0~deploy: react-fotos@0.1.0
8 verbose lifecycle react-fotos@0.1.0~deploy: unsafe-perm in lifecycle true
9 verbose lifecycle react-fotos@0.1.0~deploy: PATH: C:\Users\mwolters\AppData\Roaming\npm\node_modules\npm\bin\node-gyp-bin;E:\ambientesWEB\mafewo.github.io\node_modules\.bin;C:\Users\mwolters\bin;E:\Programas\Git\mingw64\bin;E:\Programas\Git\usr\local\bin;E:\Programas\Git\usr\bin;E:\Programas\Git\usr\bin;E:\Programas\Git\mingw64\bin;E:\Programas\Git\usr\bin;C:\Users\mwolters\bin;C:\WINDOWS\system32;C:\WINDOWS;C:\WINDOWS\System32\Wbem;C:\WINDOWS\System32\WindowsPowerShell\v1.0;E:\xamp\php;C:\ProgramData\ComposerSetup\bin;C:\Program Files\TortoiseSVN\bin;C:\Program Files\nodejs;E:\Programas\Git\cmd;E:\Programas\Git\mingw64\bin;E:\Programas\Git\usr\bin;C:\Users\mwolters\AppData\Roaming\Composer\vendor\bin;C:\Users\mwolters\AppData\Local\Microsoft\WindowsApps;C:\Users\mwolters\AppData\Local\atom\bin;C:\Users\mwolters\AppData\Roaming\npm;C:\Program Files (x86)\Microsoft VS Code\bin;E:\Programas\Git\usr\bin\vendor_perl;E:\Programas\Git\usr\bin\core_perl
10 verbose lifecycle react-fotos@0.1.0~deploy: CWD: E:\ambientesWEB\mafewo.github.io
11 silly lifecycle react-fotos@0.1.0~deploy: Args: [ '/d /s /c', 'gh-pages -d build' ]
12 silly lifecycle react-fotos@0.1.0~deploy: Returned: code: 1  signal: null
13 info lifecycle react-fotos@0.1.0~deploy: Failed to exec deploy script
14 verbose stack Error: react-fotos@0.1.0 deploy: `gh-pages -d build`
14 verbose stack Exit status 1
14 verbose stack     at EventEmitter.<anonymous> (C:\Users\mwolters\AppData\Roaming\npm\node_modules\npm\lib\utils\lifecycle.js:279:16)
14 verbose stack     at emitTwo (events.js:106:13)
14 verbose stack     at EventEmitter.emit (events.js:191:7)
14 verbose stack     at ChildProcess.<anonymous> (C:\Users\mwolters\AppData\Roaming\npm\node_modules\npm\lib\utils\spawn.js:40:14)
14 verbose stack     at emitTwo (events.js:106:13)
14 verbose stack     at ChildProcess.emit (events.js:191:7)
14 verbose stack     at maybeClose (internal/child_process.js:877:16)
14 verbose stack     at Process.ChildProcess._handle.onexit (internal/child_process.js:226:5)
15 verbose pkgid react-fotos@0.1.0
16 verbose cwd E:\ambientesWEB\mafewo.github.io\public
17 error Windows_NT 10.0.14393
18 error argv "C:\\Program Files\\nodejs\\node.exe" "C:\\Users\\mwolters\\AppData\\Roaming\\npm\\node_modules\\npm\\bin\\npm-cli.js" "run" "deploy"
19 error node v6.9.1
20 error npm  v4.0.2
21 error code ELIFECYCLE
22 error react-fotos@0.1.0 deploy: `gh-pages -d build`
22 error Exit status 1
23 error Failed at the react-fotos@0.1.0 deploy script 'gh-pages -d build'.
23 error Make sure you have the latest version of node.js and npm installed.
23 error If you do, this is most likely a problem with the react-fotos package,
23 error not with npm itself.
23 error Tell the author that this fails on your system:
23 error     gh-pages -d build
23 error You can get information on how to open an issue for this project with:
23 error     npm bugs react-fotos
23 error Or if that isn't available, you can get their info via:
23 error     npm owner ls react-fotos
23 error There is likely additional logging output above.
24 verbose exit [ 1, true ]
